****                   ADMIXTURE Version 1.3.0                  ****
****                    Copyright 2008-2015                     ****
****           David Alexander, Suyash Shringarpure,            ****
****                John  Novembre, Ken Lange                   ****
****                                                            ****
****                 Please cite our paper!                     ****
****   Information at www.genetics.ucla.edu/software/admixture  ****

Parallel execution requested.  Will use 16 threads.
Cross-validation will be performed.  Folds=10.
Random seed: 43
Point estimation method: Block relaxation algorithm
Convergence acceleration algorithm: QuasiNewton, 3 secant conditions
Point estimation will terminate when objective function delta < 0.0001
Estimation of standard errors disabled; will compute point estimates only.
Size of G: 190x10266860
Performing five EM steps to prime main algorithm
1 (EM) 	Elapsed: 680.466	Loglikelihood: -9.37447e+08	(delta): 1.95623e+09
2 (EM) 	Elapsed: 709.15	Loglikelihood: -8.71165e+08	(delta): 6.62816e+07
3 (EM) 	Elapsed: 712.804	Loglikelihood: -8.60076e+08	(delta): 1.10888e+07
4 (EM) 	Elapsed: 744.325	Loglikelihood: -8.54086e+08	(delta): 5.99028e+06
5 (EM) 	Elapsed: 734.261	Loglikelihood: -8.49819e+08	(delta): 4.26731e+06
Initial loglikelihood: -8.49819e+08
Starting main algorithm
1 (QN/Block) 	Elapsed: 734.136	Loglikelihood: -8.08446e+08	(delta): 4.13727e+07
2 (QN/Block) 	Elapsed: 698.093	Loglikelihood: -7.80831e+08	(delta): 2.76144e+07
3 (QN/Block) 	Elapsed: 748.977	Loglikelihood: -7.65701e+08	(delta): 1.51301e+07
4 (QN/Block) 	Elapsed: 741.736	Loglikelihood: -7.59029e+08	(delta): 6.67278e+06
5 (QN/Block) 	Elapsed: 725.284	Loglikelihood: -7.56608e+08	(delta): 2.42043e+06
6 (QN/Block) 	Elapsed: 726.059	Loglikelihood: -7.55922e+08	(delta): 685861
7 (QN/Block) 	Elapsed: 747.981	Loglikelihood: -7.55698e+08	(delta): 224542
8 (QN/Block) 	Elapsed: 728.315	Loglikelihood: -7.55612e+08	(delta): 85303.1
9 (QN/Block) 	Elapsed: 743.101	Loglikelihood: -7.55573e+08	(delta): 39217.8
10 (QN/Block) 	Elapsed: 756.986	Loglikelihood: -7.55472e+08	(delta): 101433
11 (QN/Block) 	Elapsed: 748.114	Loglikelihood: -7.55408e+08	(delta): 63363.1
12 (QN/Block) 	Elapsed: 740.063	Loglikelihood: -7.55377e+08	(delta): 31037.1
13 (QN/Block) 	Elapsed: 756.479	Loglikelihood: -7.55339e+08	(delta): 38175.6
14 (QN/Block) 	Elapsed: 755.936	Loglikelihood: -7.5532e+08	(delta): 19508.4
15 (QN/Block) 	Elapsed: 725.421	Loglikelihood: -7.55307e+08	(delta): 12444.1
16 (QN/Block) 	Elapsed: 728.776	Loglikelihood: -7.55298e+08	(delta): 8896.88
17 (QN/Block) 	Elapsed: 727.943	Loglikelihood: -7.55294e+08	(delta): 4754.15
18 (QN/Block) 	Elapsed: 728.803	Loglikelihood: -7.55293e+08	(delta): 565.663
19 (QN/Block) 	Elapsed: 716.841	Loglikelihood: -7.55293e+08	(delta): 214.32
20 (QN/Block) 	Elapsed: 719.845	Loglikelihood: -7.55293e+08	(delta): 81.6159
21 (QN/Block) 	Elapsed: 711.954	Loglikelihood: -7.55293e+08	(delta): 17.1914
22 (QN/Block) 	Elapsed: 732.813	Loglikelihood: -7.55293e+08	(delta): 4.83494
23 (QN/Block) 	Elapsed: 662.997	Loglikelihood: -7.55293e+08	(delta): 0.986059
24 (QN/Block) 	Elapsed: 718.212	Loglikelihood: -7.55293e+08	(delta): 0.407685
25 (QN/Block) 	Elapsed: 687.137	Loglikelihood: -7.55293e+08	(delta): 0.00518441
26 (QN/Block) 	Elapsed: 657.882	Loglikelihood: -7.55293e+08	(delta): 0.00227666
27 (QN/Block) 	Elapsed: 684.361	Loglikelihood: -7.55293e+08	(delta): 0.000199556
28 (QN/Block) 	Elapsed: 688.506	Loglikelihood: -7.55293e+08	(delta): 5.11408e-05
Summary: 
Converged in 28 iterations (23899.4 sec)
Loglikelihood: -755292734.393399
Fst divergences between estimated populations: 
	Pop0	Pop1	Pop2	Pop3	Pop4	Pop5	
Pop0	
Pop1	0.089	
Pop2	0.065	0.058	
Pop3	0.146	0.141	0.120	
Pop4	0.063	0.066	0.043	0.127	
Pop5	0.108	0.102	0.080	0.162	0.085	
Pop6	0.128	0.123	0.099	0.174	0.103	0.106	
CV error (K=7): 0.27407
Writing output files.
