****                   ADMIXTURE Version 1.3.0                  ****
****                    Copyright 2008-2015                     ****
****           David Alexander, Suyash Shringarpure,            ****
****                John  Novembre, Ken Lange                   ****
****                                                            ****
****                 Please cite our paper!                     ****
****   Information at www.genetics.ucla.edu/software/admixture  ****

Parallel execution requested.  Will use 16 threads.
Cross-validation will be performed.  Folds=10.
Random seed: 43
Point estimation method: Block relaxation algorithm
Convergence acceleration algorithm: QuasiNewton, 3 secant conditions
Point estimation will terminate when objective function delta < 0.0001
Estimation of standard errors disabled; will compute point estimates only.
Size of G: 190x10266860
Performing five EM steps to prime main algorithm
1 (EM) 	Elapsed: 127.254	Loglikelihood: -9.20539e+08	(delta): 2.23424e+09
2 (EM) 	Elapsed: 129.355	Loglikelihood: -8.69584e+08	(delta): 5.09546e+07
3 (EM) 	Elapsed: 129.292	Loglikelihood: -8.60096e+08	(delta): 9.48772e+06
4 (EM) 	Elapsed: 141.939	Loglikelihood: -8.55316e+08	(delta): 4.78076e+06
5 (EM) 	Elapsed: 133.859	Loglikelihood: -8.52515e+08	(delta): 2.80038e+06
Initial loglikelihood: -8.52515e+08
Starting main algorithm
1 (QN/Block) 	Elapsed: 321.921	Loglikelihood: -8.34912e+08	(delta): 1.76034e+07
2 (QN/Block) 	Elapsed: 312.562	Loglikelihood: -8.2201e+08	(delta): 1.29022e+07
3 (QN/Block) 	Elapsed: 326.627	Loglikelihood: -8.17554e+08	(delta): 4.45587e+06
4 (QN/Block) 	Elapsed: 327.744	Loglikelihood: -8.15489e+08	(delta): 2.06502e+06
5 (QN/Block) 	Elapsed: 327.833	Loglikelihood: -8.14632e+08	(delta): 857021
6 (QN/Block) 	Elapsed: 327.688	Loglikelihood: -8.14051e+08	(delta): 580463
7 (QN/Block) 	Elapsed: 322.861	Loglikelihood: -8.13351e+08	(delta): 700681
8 (QN/Block) 	Elapsed: 325.981	Loglikelihood: -8.12623e+08	(delta): 727121
9 (QN/Block) 	Elapsed: 330.061	Loglikelihood: -8.11967e+08	(delta): 656924
10 (QN/Block) 	Elapsed: 345.571	Loglikelihood: -8.11531e+08	(delta): 435463
11 (QN/Block) 	Elapsed: 348.162	Loglikelihood: -8.11456e+08	(delta): 75031
12 (QN/Block) 	Elapsed: 328.165	Loglikelihood: -8.11426e+08	(delta): 29986.8
13 (QN/Block) 	Elapsed: 335.485	Loglikelihood: -8.11408e+08	(delta): 18394
14 (QN/Block) 	Elapsed: 340.252	Loglikelihood: -8.11403e+08	(delta): 4616.8
15 (QN/Block) 	Elapsed: 335.949	Loglikelihood: -8.11403e+08	(delta): 483.135
16 (QN/Block) 	Elapsed: 329.291	Loglikelihood: -8.11403e+08	(delta): 26.0252
17 (QN/Block) 	Elapsed: 325.057	Loglikelihood: -8.11403e+08	(delta): 13.515
18 (QN/Block) 	Elapsed: 334.051	Loglikelihood: -8.11403e+08	(delta): 0.595519
19 (QN/Block) 	Elapsed: 340.033	Loglikelihood: -8.11403e+08	(delta): 0.0103252
20 (QN/Block) 	Elapsed: 359.386	Loglikelihood: -8.11403e+08	(delta): 0.00487876
21 (QN/Block) 	Elapsed: 334.538	Loglikelihood: -8.11403e+08	(delta): 0.000938654
22 (QN/Block) 	Elapsed: 355.783	Loglikelihood: -8.11403e+08	(delta): 5.00679e-06
Summary: 
Converged in 22 iterations (8054.27 sec)
Loglikelihood: -811402541.483228
Fst divergences between estimated populations: 
	Pop0	Pop1	
Pop0	
Pop1	0.047	
Pop2	0.052	0.076	
CV error (K=3): 0.26809
Writing output files.
