****                   ADMIXTURE Version 1.3.0                  ****
****                    Copyright 2008-2015                     ****
****           David Alexander, Suyash Shringarpure,            ****
****                John  Novembre, Ken Lange                   ****
****                                                            ****
****                 Please cite our paper!                     ****
****   Information at www.genetics.ucla.edu/software/admixture  ****

Parallel execution requested.  Will use 16 threads.
Cross-validation will be performed.  Folds=10.
Random seed: 43
Point estimation method: Block relaxation algorithm
Convergence acceleration algorithm: QuasiNewton, 3 secant conditions
Point estimation will terminate when objective function delta < 0.0001
Estimation of standard errors disabled; will compute point estimates only.
Size of G: 190x10266860
Performing five EM steps to prime main algorithm
1 (EM) 	Elapsed: 146.075	Loglikelihood: -9.30792e+08	(delta): 2.10212e+09
2 (EM) 	Elapsed: 150.643	Loglikelihood: -8.7198e+08	(delta): 5.88119e+07
3 (EM) 	Elapsed: 148.821	Loglikelihood: -8.61465e+08	(delta): 1.05153e+07
4 (EM) 	Elapsed: 146.627	Loglikelihood: -8.55926e+08	(delta): 5.53865e+06
5 (EM) 	Elapsed: 154.508	Loglikelihood: -8.52276e+08	(delta): 3.64999e+06
Initial loglikelihood: -8.52276e+08
Starting main algorithm
1 (QN/Block) 	Elapsed: 387.08	Loglikelihood: -8.23233e+08	(delta): 2.90428e+07
2 (QN/Block) 	Elapsed: 386.458	Loglikelihood: -8.05043e+08	(delta): 1.81905e+07
3 (QN/Block) 	Elapsed: 400.542	Loglikelihood: -7.94583e+08	(delta): 1.04598e+07
4 (QN/Block) 	Elapsed: 409.218	Loglikelihood: -7.90357e+08	(delta): 4.22588e+06
5 (QN/Block) 	Elapsed: 395.447	Loglikelihood: -7.88601e+08	(delta): 1.75618e+06
6 (QN/Block) 	Elapsed: 416.943	Loglikelihood: -7.88117e+08	(delta): 483956
7 (QN/Block) 	Elapsed: 399.413	Loglikelihood: -7.88012e+08	(delta): 104554
8 (QN/Block) 	Elapsed: 403.575	Loglikelihood: -7.87978e+08	(delta): 34891.1
9 (QN/Block) 	Elapsed: 402.844	Loglikelihood: -7.87961e+08	(delta): 16993.2
10 (QN/Block) 	Elapsed: 398.047	Loglikelihood: -7.87955e+08	(delta): 5818.94
11 (QN/Block) 	Elapsed: 389.488	Loglikelihood: -7.87952e+08	(delta): 3189.71
12 (QN/Block) 	Elapsed: 392.467	Loglikelihood: -7.87951e+08	(delta): 764.449
13 (QN/Block) 	Elapsed: 394.606	Loglikelihood: -7.87951e+08	(delta): 27.2314
14 (QN/Block) 	Elapsed: 397.338	Loglikelihood: -7.87951e+08	(delta): 6.22203
15 (QN/Block) 	Elapsed: 390.699	Loglikelihood: -7.87951e+08	(delta): 1.19577
16 (QN/Block) 	Elapsed: 395.442	Loglikelihood: -7.87951e+08	(delta): 0.13585
17 (QN/Block) 	Elapsed: 387.094	Loglikelihood: -7.87951e+08	(delta): 0.02817
18 (QN/Block) 	Elapsed: 390.952	Loglikelihood: -7.87951e+08	(delta): 0.00408804
19 (QN/Block) 	Elapsed: 396.97	Loglikelihood: -7.87951e+08	(delta): 0.00142276
20 (QN/Block) 	Elapsed: 402.381	Loglikelihood: -7.87951e+08	(delta): 1.5974e-05
Summary: 
Converged in 20 iterations (8739.57 sec)
Loglikelihood: -787950731.176446
Fst divergences between estimated populations: 
	Pop0	Pop1	Pop2	
Pop0	
Pop1	0.140	
Pop2	0.088	0.148	
Pop3	0.052	0.114	0.058	
CV error (K=4): 0.26378
Writing output files.
