****                   ADMIXTURE Version 1.3.0                  ****
****                    Copyright 2008-2015                     ****
****           David Alexander, Suyash Shringarpure,            ****
****                John  Novembre, Ken Lange                   ****
****                                                            ****
****                 Please cite our paper!                     ****
****   Information at www.genetics.ucla.edu/software/admixture  ****

Parallel execution requested.  Will use 16 threads.
Cross-validation will be performed.  Folds=10.
Random seed: 43
Point estimation method: Block relaxation algorithm
Convergence acceleration algorithm: QuasiNewton, 3 secant conditions
Point estimation will terminate when objective function delta < 0.0001
Estimation of standard errors disabled; will compute point estimates only.
Size of G: 190x10266860
Performing five EM steps to prime main algorithm
1 (EM) 	Elapsed: 761.158	Loglikelihood: -9.35926e+08	(delta): 1.84561e+09
2 (EM) 	Elapsed: 800.142	Loglikelihood: -8.63776e+08	(delta): 7.21493e+07
3 (EM) 	Elapsed: 779.787	Loglikelihood: -8.53274e+08	(delta): 1.05029e+07
4 (EM) 	Elapsed: 777.017	Loglikelihood: -8.47301e+08	(delta): 5.97275e+06
5 (EM) 	Elapsed: 764.363	Loglikelihood: -8.42597e+08	(delta): 4.70344e+06
Initial loglikelihood: -8.42597e+08
Starting main algorithm
1 (QN/Block) 	Elapsed: 1348.28	Loglikelihood: -7.71527e+08	(delta): 7.107e+07
2 (QN/Block) 	Elapsed: 1344.25	Loglikelihood: -7.39403e+08	(delta): 3.21245e+07
3 (QN/Block) 	Elapsed: 1174.08	Loglikelihood: -7.18719e+08	(delta): 2.06837e+07
4 (QN/Block) 	Elapsed: 1125.11	Loglikelihood: -7.00965e+08	(delta): 1.77544e+07
5 (QN/Block) 	Elapsed: 1138.24	Loglikelihood: -6.92494e+08	(delta): 8.47072e+06
6 (QN/Block) 	Elapsed: 1115.83	Loglikelihood: -6.89586e+08	(delta): 2.90768e+06
7 (QN/Block) 	Elapsed: 1139.08	Loglikelihood: -6.88642e+08	(delta): 944610
8 (QN/Block) 	Elapsed: 1164.19	Loglikelihood: -6.88254e+08	(delta): 388215
9 (QN/Block) 	Elapsed: 1163.61	Loglikelihood: -6.87586e+08	(delta): 667890
10 (QN/Block) 	Elapsed: 1180.08	Loglikelihood: -6.8714e+08	(delta): 445810
11 (QN/Block) 	Elapsed: 1192.66	Loglikelihood: -6.86919e+08	(delta): 221110
12 (QN/Block) 	Elapsed: 1145.46	Loglikelihood: -6.86826e+08	(delta): 93294.8
13 (QN/Block) 	Elapsed: 1200.75	Loglikelihood: -6.86742e+08	(delta): 83455.9
14 (QN/Block) 	Elapsed: 1156.89	Loglikelihood: -6.86664e+08	(delta): 77695.9
15 (QN/Block) 	Elapsed: 1201.97	Loglikelihood: -6.86605e+08	(delta): 59549
16 (QN/Block) 	Elapsed: 1183.02	Loglikelihood: -6.8655e+08	(delta): 54434.6
17 (QN/Block) 	Elapsed: 1166.99	Loglikelihood: -6.86469e+08	(delta): 81039.2
18 (QN/Block) 	Elapsed: 1161.07	Loglikelihood: -6.86413e+08	(delta): 56434.6
19 (QN/Block) 	Elapsed: 1107.67	Loglikelihood: -6.86363e+08	(delta): 50213.7
20 (QN/Block) 	Elapsed: 1133.47	Loglikelihood: -6.86342e+08	(delta): 20251.9
21 (QN/Block) 	Elapsed: 1162.08	Loglikelihood: -6.86336e+08	(delta): 6503.79
22 (QN/Block) 	Elapsed: 1151.74	Loglikelihood: -6.86334e+08	(delta): 2368.2
23 (QN/Block) 	Elapsed: 1152.19	Loglikelihood: -6.86333e+08	(delta): 777.258
24 (QN/Block) 	Elapsed: 1208.12	Loglikelihood: -6.86332e+08	(delta): 1092.68
25 (QN/Block) 	Elapsed: 1220.83	Loglikelihood: -6.8633e+08	(delta): 1642.79
26 (QN/Block) 	Elapsed: 1254	Loglikelihood: -6.86328e+08	(delta): 2248.85
27 (QN/Block) 	Elapsed: 1265.82	Loglikelihood: -6.86326e+08	(delta): 2235.38
28 (QN/Block) 	Elapsed: 1224.63	Loglikelihood: -6.86323e+08	(delta): 2302.65
29 (QN/Block) 	Elapsed: 1229.76	Loglikelihood: -6.86323e+08	(delta): 41.8305
30 (QN/Block) 	Elapsed: 1269.14	Loglikelihood: -6.86323e+08	(delta): 13.8895
31 (QN/Block) 	Elapsed: 1238.96	Loglikelihood: -6.86323e+08	(delta): 2.01812
32 (QN/Block) 	Elapsed: 1259.83	Loglikelihood: -6.86323e+08	(delta): 1.74399
33 (QN/Block) 	Elapsed: 1213.85	Loglikelihood: -6.86323e+08	(delta): 0.872539
34 (QN/Block) 	Elapsed: 1196.4	Loglikelihood: -6.86323e+08	(delta): 0.568745
35 (QN/Block) 	Elapsed: 1296.85	Loglikelihood: -6.86323e+08	(delta): 0.277075
36 (QN/Block) 	Elapsed: 1193.66	Loglikelihood: -6.86323e+08	(delta): 0.982313
37 (QN/Block) 	Elapsed: 1192.09	Loglikelihood: -6.86323e+08	(delta): 0.431305
38 (QN/Block) 	Elapsed: 1182.2	Loglikelihood: -6.86323e+08	(delta): 0.345472
39 (QN/Block) 	Elapsed: 1206.59	Loglikelihood: -6.86323e+08	(delta): 0.24263
40 (QN/Block) 	Elapsed: 1201.03	Loglikelihood: -6.86323e+08	(delta): 0.44983
41 (QN/Block) 	Elapsed: 1134.87	Loglikelihood: -6.86323e+08	(delta): 0.31543
42 (QN/Block) 	Elapsed: 1147.16	Loglikelihood: -6.86323e+08	(delta): 0.355401
43 (QN/Block) 	Elapsed: 1168.87	Loglikelihood: -6.86323e+08	(delta): 0.318106
44 (QN/Block) 	Elapsed: 1095.11	Loglikelihood: -6.86323e+08	(delta): 1.3599
45 (QN/Block) 	Elapsed: 1097.78	Loglikelihood: -6.86323e+08	(delta): 1.38165
46 (QN/Block) 	Elapsed: 1133.06	Loglikelihood: -6.86323e+08	(delta): 2.38499
47 (QN/Block) 	Elapsed: 1340.35	Loglikelihood: -6.86323e+08	(delta): 3.04416
48 (QN/Block) 	Elapsed: 1240.2	Loglikelihood: -6.86323e+08	(delta): 1.48665
49 (QN/Block) 	Elapsed: 1209.89	Loglikelihood: -6.86323e+08	(delta): 1.55888
50 (QN/Block) 	Elapsed: 1328.25	Loglikelihood: -6.86323e+08	(delta): 1.65577
51 (QN/Block) 	Elapsed: 1165.15	Loglikelihood: -6.86323e+08	(delta): 1.82012
52 (QN/Block) 	Elapsed: 1196.44	Loglikelihood: -6.86323e+08	(delta): 2.05901
53 (QN/Block) 	Elapsed: 1216.78	Loglikelihood: -6.86323e+08	(delta): 2.37363
54 (QN/Block) 	Elapsed: 1231.81	Loglikelihood: -6.86323e+08	(delta): 2.78025
55 (QN/Block) 	Elapsed: 1277.86	Loglikelihood: -6.86323e+08	(delta): 3.30482
56 (QN/Block) 	Elapsed: 1232.78	Loglikelihood: -6.86323e+08	(delta): 3.98408
57 (QN/Block) 	Elapsed: 1176.97	Loglikelihood: -6.86323e+08	(delta): 4.85835
58 (QN/Block) 	Elapsed: 1225.87	Loglikelihood: -6.86323e+08	(delta): 6.00647
59 (QN/Block) 	Elapsed: 1197.12	Loglikelihood: -6.86323e+08	(delta): 7.52409
60 (QN/Block) 	Elapsed: 1194.22	Loglikelihood: -6.86323e+08	(delta): 9.51984
61 (QN/Block) 	Elapsed: 1143.4	Loglikelihood: -6.86323e+08	(delta): 12.1749
62 (QN/Block) 	Elapsed: 1080.29	Loglikelihood: -6.86323e+08	(delta): 15.7541
63 (QN/Block) 	Elapsed: 1084.25	Loglikelihood: -6.86323e+08	(delta): 10.0843
64 (QN/Block) 	Elapsed: 1097.89	Loglikelihood: -6.86323e+08	(delta): 13.1643
65 (QN/Block) 	Elapsed: 1061.64	Loglikelihood: -6.86323e+08	(delta): 23.756
66 (QN/Block) 	Elapsed: 1093.11	Loglikelihood: -6.86323e+08	(delta): 22.774
67 (QN/Block) 	Elapsed: 1102.16	Loglikelihood: -6.86323e+08	(delta): 7.52738
68 (QN/Block) 	Elapsed: 1087.99	Loglikelihood: -6.86323e+08	(delta): 6.38547
69 (QN/Block) 	Elapsed: 1091.33	Loglikelihood: -6.86323e+08	(delta): 7.13704
70 (QN/Block) 	Elapsed: 1079.06	Loglikelihood: -6.86323e+08	(delta): 2.61964
71 (QN/Block) 	Elapsed: 1122.7	Loglikelihood: -6.86323e+08	(delta): 2.18927
72 (QN/Block) 	Elapsed: 1143.57	Loglikelihood: -6.86323e+08	(delta): 2.67606
73 (QN/Block) 	Elapsed: 1101.01	Loglikelihood: -6.86323e+08	(delta): 2.67268
74 (QN/Block) 	Elapsed: 1158.28	Loglikelihood: -6.86323e+08	(delta): 2.57325
75 (QN/Block) 	Elapsed: 1120.77	Loglikelihood: -6.86323e+08	(delta): 0.941075
76 (QN/Block) 	Elapsed: 1134.97	Loglikelihood: -6.86323e+08	(delta): 0.883117
77 (QN/Block) 	Elapsed: 1058.12	Loglikelihood: -6.86323e+08	(delta): 0.834093
78 (QN/Block) 	Elapsed: 1108.25	Loglikelihood: -6.86323e+08	(delta): 0.621373
79 (QN/Block) 	Elapsed: 1124.75	Loglikelihood: -6.86323e+08	(delta): 0.33235
80 (QN/Block) 	Elapsed: 1068.35	Loglikelihood: -6.86323e+08	(delta): 0.513629
81 (QN/Block) 	Elapsed: 1066.37	Loglikelihood: -6.86323e+08	(delta): 0.239069
82 (QN/Block) 	Elapsed: 1088.89	Loglikelihood: -6.86323e+08	(delta): 0.0471544
83 (QN/Block) 	Elapsed: 1108.87	Loglikelihood: -6.86323e+08	(delta): 0.00141299
84 (QN/Block) 	Elapsed: 1607.65	Loglikelihood: -6.86323e+08	(delta): 0.000342607
85 (QN/Block) 	Elapsed: 1780.75	Loglikelihood: -6.86323e+08	(delta): 2.20537e-05
Summary: 
Converged in 85 iterations (104887 sec)
Loglikelihood: -686323027.079137
Fst divergences between estimated populations: 
	Pop0	Pop1	Pop2	Pop3	Pop4	Pop5	Pop6	Pop7	Pop8	Pop9	Pop10	Pop11	Pop12	Pop13	Pop14	Pop15	
Pop0	
Pop1	0.101	
Pop2	0.143	0.177	
Pop3	0.150	0.184	0.225	
Pop4	0.077	0.085	0.155	0.162	
Pop5	0.085	0.120	0.160	0.156	0.096	
Pop6	0.095	0.129	0.170	0.167	0.107	0.101	
Pop7	0.158	0.187	0.228	0.234	0.167	0.174	0.182	
Pop8	0.097	0.131	0.159	0.179	0.108	0.115	0.124	0.181	
Pop9	0.119	0.151	0.150	0.198	0.129	0.134	0.144	0.205	0.137	
Pop10	0.085	0.120	0.161	0.156	0.097	0.089	0.103	0.172	0.115	0.134	
Pop11	0.057	0.096	0.137	0.145	0.072	0.080	0.090	0.151	0.089	0.111	0.081	
Pop12	0.056	0.100	0.142	0.149	0.076	0.084	0.094	0.153	0.096	0.117	0.084	0.053	
Pop13	0.096	0.087	0.172	0.179	0.077	0.115	0.124	0.182	0.126	0.147	0.116	0.091	0.095	
Pop14	0.165	0.189	0.229	0.235	0.170	0.177	0.185	0.119	0.185	0.207	0.175	0.155	0.157	0.184	
Pop15	0.131	0.166	0.170	0.213	0.143	0.148	0.158	0.207	0.148	0.134	0.149	0.125	0.130	0.161	0.210	
Pop16	0.136	0.169	0.168	0.216	0.147	0.151	0.161	0.219	0.157	0.155	0.153	0.130	0.135	0.164	0.221	0.178	
CV error (K=17): 0.32159
Writing output files.
