****                   ADMIXTURE Version 1.3.0                  ****
****                    Copyright 2008-2015                     ****
****           David Alexander, Suyash Shringarpure,            ****
****                John  Novembre, Ken Lange                   ****
****                                                            ****
****                 Please cite our paper!                     ****
****   Information at www.genetics.ucla.edu/software/admixture  ****

Parallel execution requested.  Will use 16 threads.
Cross-validation will be performed.  Folds=10.
Random seed: 43
Point estimation method: Block relaxation algorithm
Convergence acceleration algorithm: QuasiNewton, 3 secant conditions
Point estimation will terminate when objective function delta < 0.0001
Estimation of standard errors disabled; will compute point estimates only.
Size of G: 190x10266860
Performing five EM steps to prime main algorithm
1 (EM) 	Elapsed: 87.204	Loglikelihood: -9.012e+08	(delta): 2.45495e+09
2 (EM) 	Elapsed: 81.05	Loglikelihood: -8.657e+08	(delta): 3.55e+07
3 (EM) 	Elapsed: 81.671	Loglikelihood: -8.5925e+08	(delta): 6.45052e+06
4 (EM) 	Elapsed: 83.508	Loglikelihood: -8.56262e+08	(delta): 2.98785e+06
5 (EM) 	Elapsed: 82.699	Loglikelihood: -8.54822e+08	(delta): 1.44021e+06
Initial loglikelihood: -8.54822e+08
Starting main algorithm
1 (QN/Block) 	Elapsed: 312.09	Loglikelihood: -8.46788e+08	(delta): 8.03359e+06
2 (QN/Block) 	Elapsed: 312.416	Loglikelihood: -8.38538e+08	(delta): 8.2498e+06
3 (QN/Block) 	Elapsed: 311.716	Loglikelihood: -8.35626e+08	(delta): 2.91233e+06
4 (QN/Block) 	Elapsed: 316.202	Loglikelihood: -8.3285e+08	(delta): 2.77557e+06
5 (QN/Block) 	Elapsed: 312.605	Loglikelihood: -8.32069e+08	(delta): 781451
6 (QN/Block) 	Elapsed: 316.74	Loglikelihood: -8.31948e+08	(delta): 120673
7 (QN/Block) 	Elapsed: 309.542	Loglikelihood: -8.31912e+08	(delta): 36579.7
8 (QN/Block) 	Elapsed: 310.618	Loglikelihood: -8.319e+08	(delta): 11709.3
9 (QN/Block) 	Elapsed: 315.011	Loglikelihood: -8.31896e+08	(delta): 4066.54
10 (QN/Block) 	Elapsed: 315.745	Loglikelihood: -8.31895e+08	(delta): 979.554
11 (QN/Block) 	Elapsed: 318.095	Loglikelihood: -8.31895e+08	(delta): 275.825
12 (QN/Block) 	Elapsed: 320.398	Loglikelihood: -8.31894e+08	(delta): 90.9088
13 (QN/Block) 	Elapsed: 314.222	Loglikelihood: -8.31894e+08	(delta): 27.5499
14 (QN/Block) 	Elapsed: 317.028	Loglikelihood: -8.31894e+08	(delta): 11.46
15 (QN/Block) 	Elapsed: 317.574	Loglikelihood: -8.31894e+08	(delta): 0.921459
16 (QN/Block) 	Elapsed: 319.104	Loglikelihood: -8.31894e+08	(delta): 0.165824
17 (QN/Block) 	Elapsed: 321.744	Loglikelihood: -8.31894e+08	(delta): 0.00400066
18 (QN/Block) 	Elapsed: 320.955	Loglikelihood: -8.31894e+08	(delta): 0.00116634
19 (QN/Block) 	Elapsed: 319.984	Loglikelihood: -8.31894e+08	(delta): 2.06232e-05
Summary: 
Converged in 19 iterations (6462.75 sec)
Loglikelihood: -831894429.196623
Fst divergences between estimated populations: 
	Pop0	
Pop0	
Pop1	0.049	
CV error (K=2): 0.26888
Writing output files.
