****                   ADMIXTURE Version 1.3.0                  ****
****                    Copyright 2008-2015                     ****
****           David Alexander, Suyash Shringarpure,            ****
****                John  Novembre, Ken Lange                   ****
****                                                            ****
****                 Please cite our paper!                     ****
****   Information at www.genetics.ucla.edu/software/admixture  ****

Parallel execution requested.  Will use 16 threads.
Cross-validation will be performed.  Folds=10.
Random seed: 43
Point estimation method: Block relaxation algorithm
Convergence acceleration algorithm: QuasiNewton, 3 secant conditions
Point estimation will terminate when objective function delta < 0.0001
Estimation of standard errors disabled; will compute point estimates only.
Size of G: 190x10266860
Performing five EM steps to prime main algorithm
1 (EM) 	Elapsed: 460.962	Loglikelihood: -9.37727e+08	(delta): 1.90909e+09
2 (EM) 	Elapsed: 469.481	Loglikelihood: -8.6905e+08	(delta): 6.86766e+07
3 (EM) 	Elapsed: 458.111	Loglikelihood: -8.58169e+08	(delta): 1.08807e+07
4 (EM) 	Elapsed: 457.749	Loglikelihood: -8.52228e+08	(delta): 5.94164e+06
5 (EM) 	Elapsed: 392.33	Loglikelihood: -8.47834e+08	(delta): 4.39413e+06
Initial loglikelihood: -8.47834e+08
Starting main algorithm
1 (QN/Block) 	Elapsed: 745.931	Loglikelihood: -7.97116e+08	(delta): 5.07176e+07
2 (QN/Block) 	Elapsed: 712.135	Loglikelihood: -7.73887e+08	(delta): 2.32293e+07
3 (QN/Block) 	Elapsed: 692.052	Loglikelihood: -7.60348e+08	(delta): 1.35384e+07
4 (QN/Block) 	Elapsed: 691.549	Loglikelihood: -7.51624e+08	(delta): 8.72471e+06
5 (QN/Block) 	Elapsed: 683.908	Loglikelihood: -7.46743e+08	(delta): 4.88038e+06
6 (QN/Block) 	Elapsed: 740.819	Loglikelihood: -7.44108e+08	(delta): 2.63484e+06
7 (QN/Block) 	Elapsed: 830.16	Loglikelihood: -7.42682e+08	(delta): 1.42656e+06
8 (QN/Block) 	Elapsed: 730.387	Loglikelihood: -7.41936e+08	(delta): 745677
9 (QN/Block) 	Elapsed: 757.955	Loglikelihood: -7.41305e+08	(delta): 630782
10 (QN/Block) 	Elapsed: 833.392	Loglikelihood: -7.40458e+08	(delta): 847196
11 (QN/Block) 	Elapsed: 760.365	Loglikelihood: -7.40172e+08	(delta): 286080
12 (QN/Block) 	Elapsed: 828.83	Loglikelihood: -7.40084e+08	(delta): 88591.5
13 (QN/Block) 	Elapsed: 806.184	Loglikelihood: -7.40059e+08	(delta): 24611.5
14 (QN/Block) 	Elapsed: 835.433	Loglikelihood: -7.40053e+08	(delta): 6251.37
15 (QN/Block) 	Elapsed: 792.752	Loglikelihood: -7.40051e+08	(delta): 1254.06
16 (QN/Block) 	Elapsed: 718.52	Loglikelihood: -7.40048e+08	(delta): 3812.98
17 (QN/Block) 	Elapsed: 827.011	Loglikelihood: -7.40046e+08	(delta): 1553.91
18 (QN/Block) 	Elapsed: 742.703	Loglikelihood: -7.40045e+08	(delta): 666.506
19 (QN/Block) 	Elapsed: 875.749	Loglikelihood: -7.40045e+08	(delta): 521.104
20 (QN/Block) 	Elapsed: 795.544	Loglikelihood: -7.40043e+08	(delta): 2081.97
21 (QN/Block) 	Elapsed: 760.913	Loglikelihood: -7.40043e+08	(delta): 48.9878
22 (QN/Block) 	Elapsed: 847.733	Loglikelihood: -7.40043e+08	(delta): 32.4142
23 (QN/Block) 	Elapsed: 836.808	Loglikelihood: -7.40043e+08	(delta): 5.08177
24 (QN/Block) 	Elapsed: 830.85	Loglikelihood: -7.40043e+08	(delta): 11.2874
25 (QN/Block) 	Elapsed: 832.686	Loglikelihood: -7.40043e+08	(delta): 77.4182
26 (QN/Block) 	Elapsed: 811.673	Loglikelihood: -7.40043e+08	(delta): 67.4819
27 (QN/Block) 	Elapsed: 779.23	Loglikelihood: -7.40042e+08	(delta): 31.5407
28 (QN/Block) 	Elapsed: 758.04	Loglikelihood: -7.40042e+08	(delta): 1.41544
29 (QN/Block) 	Elapsed: 882.298	Loglikelihood: -7.40042e+08	(delta): 0.656454
30 (QN/Block) 	Elapsed: 841.718	Loglikelihood: -7.40042e+08	(delta): 0.0752012
31 (QN/Block) 	Elapsed: 815.08	Loglikelihood: -7.40042e+08	(delta): 0.0218288
32 (QN/Block) 	Elapsed: 775.706	Loglikelihood: -7.40042e+08	(delta): 0.00121224
33 (QN/Block) 	Elapsed: 789.031	Loglikelihood: -7.40042e+08	(delta): 0.000347137
34 (QN/Block) 	Elapsed: 775.844	Loglikelihood: -7.40042e+08	(delta): 5.42402e-05
Summary: 
Converged in 34 iterations (29109.8 sec)
Loglikelihood: -740042491.892755
Fst divergences between estimated populations: 
	Pop0	Pop1	Pop2	Pop3	Pop4	Pop5	Pop6	Pop7	
Pop0	
Pop1	0.064	
Pop2	0.057	0.069	
Pop3	0.072	0.097	0.090	
Pop4	0.071	0.098	0.091	0.106	
Pop5	0.047	0.075	0.067	0.075	0.083	
Pop6	0.121	0.146	0.140	0.153	0.152	0.130	
Pop7	0.102	0.117	0.111	0.137	0.136	0.112	0.173	
Pop8	0.076	0.102	0.096	0.111	0.071	0.087	0.156	0.140	
CV error (K=9): 0.28765
Writing output files.
