****                   ADMIXTURE Version 1.3.0                  ****
****                    Copyright 2008-2015                     ****
****           David Alexander, Suyash Shringarpure,            ****
****                John  Novembre, Ken Lange                   ****
****                                                            ****
****                 Please cite our paper!                     ****
****   Information at www.genetics.ucla.edu/software/admixture  ****

Parallel execution requested.  Will use 16 threads.
Cross-validation will be performed.  Folds=10.
Random seed: 43
Point estimation method: Block relaxation algorithm
Convergence acceleration algorithm: QuasiNewton, 3 secant conditions
Point estimation will terminate when objective function delta < 0.0001
Estimation of standard errors disabled; will compute point estimates only.
Size of G: 190x10266860
Performing five EM steps to prime main algorithm
1 (EM) 	Elapsed: 810.314	Loglikelihood: -9.35591e+08	(delta): 1.84137e+09
2 (EM) 	Elapsed: 809.249	Loglikelihood: -8.63072e+08	(delta): 7.25189e+07
3 (EM) 	Elapsed: 816.387	Loglikelihood: -8.52552e+08	(delta): 1.05194e+07
4 (EM) 	Elapsed: 852.889	Loglikelihood: -8.46561e+08	(delta): 5.99162e+06
5 (EM) 	Elapsed: 930.584	Loglikelihood: -8.41829e+08	(delta): 4.73229e+06
Initial loglikelihood: -8.41829e+08
Starting main algorithm
1 (QN/Block) 	Elapsed: 1258.24	Loglikelihood: -7.68386e+08	(delta): 7.34428e+07
2 (QN/Block) 	Elapsed: 1329.13	Loglikelihood: -7.32228e+08	(delta): 3.61579e+07
3 (QN/Block) 	Elapsed: 1422.03	Loglikelihood: -7.08613e+08	(delta): 2.36144e+07
4 (QN/Block) 	Elapsed: 1349.02	Loglikelihood: -6.9224e+08	(delta): 1.63735e+07
5 (QN/Block) 	Elapsed: 1393.24	Loglikelihood: -6.85422e+08	(delta): 6.81793e+06
6 (QN/Block) 	Elapsed: 1412.02	Loglikelihood: -6.82426e+08	(delta): 2.99618e+06
7 (QN/Block) 	Elapsed: 1363.98	Loglikelihood: -6.81233e+08	(delta): 1.19246e+06
8 (QN/Block) 	Elapsed: 1367.35	Loglikelihood: -6.80828e+08	(delta): 405065
9 (QN/Block) 	Elapsed: 1356.82	Loglikelihood: -6.80626e+08	(delta): 201787
10 (QN/Block) 	Elapsed: 1312.99	Loglikelihood: -6.80528e+08	(delta): 98225
11 (QN/Block) 	Elapsed: 1375.62	Loglikelihood: -6.80474e+08	(delta): 54666.6
12 (QN/Block) 	Elapsed: 1404.87	Loglikelihood: -6.80421e+08	(delta): 52460.7
13 (QN/Block) 	Elapsed: 1319.61	Loglikelihood: -6.80382e+08	(delta): 38707.8
14 (QN/Block) 	Elapsed: 1373.39	Loglikelihood: -6.80348e+08	(delta): 33932.8
15 (QN/Block) 	Elapsed: 1321.4	Loglikelihood: -6.80298e+08	(delta): 50550.6
16 (QN/Block) 	Elapsed: 1421.92	Loglikelihood: -6.80239e+08	(delta): 59180.6
17 (QN/Block) 	Elapsed: 1364.22	Loglikelihood: -6.80213e+08	(delta): 25455.8
18 (QN/Block) 	Elapsed: 1415.62	Loglikelihood: -6.8017e+08	(delta): 43154.2
19 (QN/Block) 	Elapsed: 1349.63	Loglikelihood: -6.80115e+08	(delta): 55554
20 (QN/Block) 	Elapsed: 1326.45	Loglikelihood: -6.8007e+08	(delta): 44140.9
21 (QN/Block) 	Elapsed: 1289.62	Loglikelihood: -6.80035e+08	(delta): 35004.1
22 (QN/Block) 	Elapsed: 1332.17	Loglikelihood: -6.80016e+08	(delta): 19324
23 (QN/Block) 	Elapsed: 1326.49	Loglikelihood: -6.80014e+08	(delta): 2315.33
24 (QN/Block) 	Elapsed: 1329.95	Loglikelihood: -6.80011e+08	(delta): 2524.84
25 (QN/Block) 	Elapsed: 1315.02	Loglikelihood: -6.80009e+08	(delta): 2548.21
26 (QN/Block) 	Elapsed: 1314.26	Loglikelihood: -6.80008e+08	(delta): 269.097
27 (QN/Block) 	Elapsed: 1303.91	Loglikelihood: -6.80008e+08	(delta): 9.94257
28 (QN/Block) 	Elapsed: 1220.85	Loglikelihood: -6.80008e+08	(delta): 3.54112
29 (QN/Block) 	Elapsed: 1224.93	Loglikelihood: -6.80008e+08	(delta): 1.01581
30 (QN/Block) 	Elapsed: 1299.75	Loglikelihood: -6.80008e+08	(delta): 0.544505
31 (QN/Block) 	Elapsed: 1289.65	Loglikelihood: -6.80008e+08	(delta): 0.304402
32 (QN/Block) 	Elapsed: 1313.38	Loglikelihood: -6.80008e+08	(delta): 0.132881
33 (QN/Block) 	Elapsed: 1335.27	Loglikelihood: -6.80008e+08	(delta): 0.0468223
34 (QN/Block) 	Elapsed: 1309.62	Loglikelihood: -6.80008e+08	(delta): 0.0199981
35 (QN/Block) 	Elapsed: 1317.71	Loglikelihood: -6.80008e+08	(delta): 0.0143219
36 (QN/Block) 	Elapsed: 1353.42	Loglikelihood: -6.80008e+08	(delta): 0.013252
37 (QN/Block) 	Elapsed: 1307.05	Loglikelihood: -6.80008e+08	(delta): 0.00311172
38 (QN/Block) 	Elapsed: 1390.51	Loglikelihood: -6.80008e+08	(delta): 0.000579596
39 (QN/Block) 	Elapsed: 1279.27	Loglikelihood: -6.80008e+08	(delta): 0.000230312
40 (QN/Block) 	Elapsed: 1271.72	Loglikelihood: -6.80008e+08	(delta): 0.000311613
41 (QN/Block) 	Elapsed: 1311.83	Loglikelihood: -6.80008e+08	(delta): 8.33273e-05
Summary: 
Converged in 41 iterations (59142.7 sec)
Loglikelihood: -680008403.188286
Fst divergences between estimated populations: 
	Pop0	Pop1	Pop2	Pop3	Pop4	Pop5	Pop6	Pop7	Pop8	Pop9	Pop10	Pop11	Pop12	Pop13	Pop14	Pop15	Pop16	
Pop0	
Pop1	0.181	
Pop2	0.165	0.165	
Pop3	0.152	0.114	0.136	
Pop4	0.186	0.150	0.170	0.121	
Pop5	0.179	0.143	0.164	0.115	0.141	
Pop6	0.259	0.221	0.236	0.195	0.227	0.222	
Pop7	0.169	0.133	0.152	0.103	0.128	0.120	0.210	
Pop8	0.157	0.122	0.140	0.091	0.127	0.122	0.202	0.111	
Pop9	0.150	0.112	0.133	0.069	0.118	0.112	0.192	0.100	0.088	
Pop10	0.159	0.114	0.143	0.089	0.128	0.120	0.194	0.110	0.100	0.087	
Pop11	0.155	0.091	0.138	0.087	0.124	0.117	0.198	0.106	0.093	0.084	0.087	
Pop12	0.148	0.123	0.131	0.094	0.128	0.122	0.202	0.111	0.098	0.091	0.102	0.097	
Pop13	0.164	0.128	0.147	0.099	0.128	0.114	0.210	0.105	0.106	0.095	0.106	0.101	0.107	
Pop14	0.146	0.108	0.130	0.068	0.115	0.108	0.191	0.097	0.085	0.063	0.084	0.080	0.087	0.092	
Pop15	0.183	0.097	0.169	0.117	0.152	0.147	0.225	0.136	0.125	0.114	0.118	0.086	0.126	0.131	0.111	
Pop16	0.213	0.176	0.189	0.149	0.182	0.177	0.122	0.165	0.155	0.145	0.149	0.152	0.156	0.163	0.144	0.180	
Pop17	0.146	0.153	0.123	0.125	0.157	0.151	0.233	0.139	0.128	0.122	0.132	0.126	0.119	0.134	0.118	0.156	0.187	
CV error (K=18): 0.33308
Writing output files.
