****                   ADMIXTURE Version 1.3.0                  ****
****                    Copyright 2008-2015                     ****
****           David Alexander, Suyash Shringarpure,            ****
****                John  Novembre, Ken Lange                   ****
****                                                            ****
****                 Please cite our paper!                     ****
****   Information at www.genetics.ucla.edu/software/admixture  ****

Parallel execution requested.  Will use 16 threads.
Cross-validation will be performed.  Folds=10.
Random seed: 43
Point estimation method: Block relaxation algorithm
Convergence acceleration algorithm: QuasiNewton, 3 secant conditions
Point estimation will terminate when objective function delta < 0.0001
Estimation of standard errors disabled; will compute point estimates only.
Size of G: 190x10266860
Performing five EM steps to prime main algorithm
1 (EM) 	Elapsed: 1205.44	Loglikelihood: -9.35367e+08	(delta): 1.83486e+09
2 (EM) 	Elapsed: 1230.42	Loglikelihood: -8.62494e+08	(delta): 7.28735e+07
3 (EM) 	Elapsed: 1191.61	Loglikelihood: -8.52141e+08	(delta): 1.03524e+07
4 (EM) 	Elapsed: 1195.02	Loglikelihood: -8.46253e+08	(delta): 5.88854e+06
5 (EM) 	Elapsed: 1217.38	Loglikelihood: -8.41578e+08	(delta): 4.67478e+06
Initial loglikelihood: -8.41578e+08
Starting main algorithm
1 (QN/Block) 	Elapsed: 1801.74	Loglikelihood: -7.65483e+08	(delta): 7.60953e+07
2 (QN/Block) 	Elapsed: 1769.51	Loglikelihood: -7.23422e+08	(delta): 4.20604e+07
3 (QN/Block) 	Elapsed: 1746.43	Loglikelihood: -6.99207e+08	(delta): 2.42152e+07
4 (QN/Block) 	Elapsed: 1525.8	Loglikelihood: -6.85452e+08	(delta): 1.37556e+07
5 (QN/Block) 	Elapsed: 1316.79	Loglikelihood: -6.78852e+08	(delta): 6.59935e+06
6 (QN/Block) 	Elapsed: 1246.19	Loglikelihood: -6.76207e+08	(delta): 2.64568e+06
7 (QN/Block) 	Elapsed: 1245.14	Loglikelihood: -6.75008e+08	(delta): 1.19806e+06
8 (QN/Block) 	Elapsed: 1313.32	Loglikelihood: -6.74401e+08	(delta): 607762
9 (QN/Block) 	Elapsed: 1241.16	Loglikelihood: -6.74028e+08	(delta): 372458
10 (QN/Block) 	Elapsed: 1323.68	Loglikelihood: -6.73642e+08	(delta): 385886
11 (QN/Block) 	Elapsed: 1293.97	Loglikelihood: -6.73054e+08	(delta): 588630
12 (QN/Block) 	Elapsed: 1275.9	Loglikelihood: -6.72509e+08	(delta): 544533
13 (QN/Block) 	Elapsed: 1266.09	Loglikelihood: -6.72261e+08	(delta): 248114
14 (QN/Block) 	Elapsed: 1325.27	Loglikelihood: -6.7215e+08	(delta): 110819
15 (QN/Block) 	Elapsed: 1348.04	Loglikelihood: -6.72117e+08	(delta): 32791.3
16 (QN/Block) 	Elapsed: 1338.91	Loglikelihood: -6.72111e+08	(delta): 6766.72
17 (QN/Block) 	Elapsed: 1267.81	Loglikelihood: -6.7211e+08	(delta): 914.242
18 (QN/Block) 	Elapsed: 1336.36	Loglikelihood: -6.72109e+08	(delta): 524.778
19 (QN/Block) 	Elapsed: 1440.99	Loglikelihood: -6.72109e+08	(delta): 305.684
20 (QN/Block) 	Elapsed: 1291.81	Loglikelihood: -6.72109e+08	(delta): 94.9403
21 (QN/Block) 	Elapsed: 1400.28	Loglikelihood: -6.72109e+08	(delta): 8.529
22 (QN/Block) 	Elapsed: 1359.45	Loglikelihood: -6.72109e+08	(delta): 0.919879
23 (QN/Block) 	Elapsed: 1270.7	Loglikelihood: -6.72109e+08	(delta): 0.713799
24 (QN/Block) 	Elapsed: 1264.97	Loglikelihood: -6.72109e+08	(delta): 0.394424
25 (QN/Block) 	Elapsed: 1282.82	Loglikelihood: -6.72109e+08	(delta): 0.386881
26 (QN/Block) 	Elapsed: 1284.6	Loglikelihood: -6.72109e+08	(delta): 0.191562
27 (QN/Block) 	Elapsed: 1330.58	Loglikelihood: -6.72109e+08	(delta): 0.0712988
28 (QN/Block) 	Elapsed: 1445.48	Loglikelihood: -6.72109e+08	(delta): 0.0178134
29 (QN/Block) 	Elapsed: 1320.59	Loglikelihood: -6.72109e+08	(delta): 0.0211085
30 (QN/Block) 	Elapsed: 1320.67	Loglikelihood: -6.72109e+08	(delta): 0.00818038
31 (QN/Block) 	Elapsed: 1294.62	Loglikelihood: -6.72109e+08	(delta): 0.00240076
32 (QN/Block) 	Elapsed: 1381.62	Loglikelihood: -6.72109e+08	(delta): 0.000623941
33 (QN/Block) 	Elapsed: 1312.65	Loglikelihood: -6.72109e+08	(delta): 0.000402808
34 (QN/Block) 	Elapsed: 1309.71	Loglikelihood: -6.72109e+08	(delta): 0.000115037
35 (QN/Block) 	Elapsed: 1407.2	Loglikelihood: -6.72109e+08	(delta): 1.33514e-05
Summary: 
Converged in 35 iterations (53916.4 sec)
Loglikelihood: -672108876.291167
Fst divergences between estimated populations: 
	Pop0	Pop1	Pop2	Pop3	Pop4	Pop5	Pop6	Pop7	Pop8	Pop9	Pop10	Pop11	Pop12	Pop13	Pop14	Pop15	Pop16	Pop17	Pop18	
Pop0	
Pop1	0.165	
Pop2	0.199	0.190	
Pop3	0.140	0.136	0.165	
Pop4	0.126	0.116	0.152	0.096	
Pop5	0.164	0.105	0.189	0.135	0.115	
Pop6	0.130	0.100	0.154	0.100	0.081	0.099	
Pop7	0.114	0.103	0.138	0.084	0.059	0.102	0.067	
Pop8	0.157	0.147	0.184	0.128	0.082	0.146	0.112	0.091	
Pop9	0.200	0.189	0.200	0.171	0.153	0.190	0.156	0.139	0.184	
Pop10	0.198	0.189	0.168	0.167	0.152	0.189	0.154	0.138	0.184	0.197	
Pop11	0.188	0.177	0.212	0.160	0.141	0.177	0.145	0.131	0.171	0.211	0.211	
Pop12	0.175	0.114	0.200	0.146	0.126	0.126	0.105	0.114	0.157	0.200	0.199	0.186	
Pop13	0.167	0.168	0.201	0.140	0.129	0.167	0.133	0.118	0.161	0.202	0.202	0.188	0.178	
Pop14	0.200	0.190	0.176	0.168	0.153	0.190	0.156	0.138	0.184	0.183	0.189	0.212	0.200	0.204	
Pop15	0.192	0.183	0.162	0.158	0.144	0.182	0.147	0.130	0.176	0.201	0.185	0.193	0.194	0.195	0.184	
Pop16	0.153	0.151	0.185	0.124	0.113	0.151	0.117	0.100	0.144	0.185	0.184	0.175	0.161	0.156	0.186	0.179	
Pop17	0.127	0.117	0.153	0.098	0.066	0.116	0.083	0.060	0.099	0.154	0.153	0.144	0.128	0.131	0.154	0.145	0.115	
Pop18	0.120	0.119	0.147	0.087	0.081	0.118	0.084	0.066	0.112	0.148	0.148	0.145	0.129	0.126	0.147	0.140	0.111	0.081	
Pop19	0.140	0.140	0.172	0.115	0.101	0.139	0.106	0.090	0.132	0.175	0.174	0.148	0.150	0.143	0.175	0.163	0.131	0.102	0.101	
CV error (K=20): 0.33940
Writing output files.
